mode: set
github.com/Yusufdot101/goBankBackend/internal/loan/model.go:35.55,44.2 5 1
github.com/Yusufdot101/goBankBackend/internal/loan/model.go:46.79,56.2 7 1
github.com/Yusufdot101/goBankBackend/internal/loan/repository.go:17.47,40.2 5 1
github.com/Yusufdot101/goBankBackend/internal/loan/repository.go:42.67,65.16 6 1
github.com/Yusufdot101/goBankBackend/internal/loan/repository.go:65.16,66.10 1 1
github.com/Yusufdot101/goBankBackend/internal/loan/repository.go:67.38,68.32 1 1
github.com/Yusufdot101/goBankBackend/internal/loan/repository.go:69.11,70.19 1 0
github.com/Yusufdot101/goBankBackend/internal/loan/repository.go:74.2,74.19 1 1
github.com/Yusufdot101/goBankBackend/internal/loan/repository.go:78.72,89.16 5 0
github.com/Yusufdot101/goBankBackend/internal/loan/repository.go:89.16,91.3 1 0
github.com/Yusufdot101/goBankBackend/internal/loan/repository.go:92.2,95.18 3 0
github.com/Yusufdot101/goBankBackend/internal/loan/repository.go:95.18,107.17 3 0
github.com/Yusufdot101/goBankBackend/internal/loan/repository.go:107.17,109.4 1 0
github.com/Yusufdot101/goBankBackend/internal/loan/repository.go:111.3,111.31 1 0
github.com/Yusufdot101/goBankBackend/internal/loan/repository.go:114.2,114.34 1 0
github.com/Yusufdot101/goBankBackend/internal/loan/repository.go:114.34,116.3 1 0
github.com/Yusufdot101/goBankBackend/internal/loan/repository.go:118.2,118.19 1 0
github.com/Yusufdot101/goBankBackend/internal/loan/repository.go:121.101,127.16 4 1
github.com/Yusufdot101/goBankBackend/internal/loan/repository.go:127.16,129.3 1 0
github.com/Yusufdot101/goBankBackend/internal/loan/repository.go:132.2,150.16 5 1
github.com/Yusufdot101/goBankBackend/internal/loan/repository.go:150.16,151.10 1 0
github.com/Yusufdot101/goBankBackend/internal/loan/repository.go:152.38,153.32 1 0
github.com/Yusufdot101/goBankBackend/internal/loan/repository.go:154.11,155.19 1 0
github.com/Yusufdot101/goBankBackend/internal/loan/repository.go:159.2,176.16 6 1
github.com/Yusufdot101/goBankBackend/internal/loan/repository.go:176.16,178.3 1 0
github.com/Yusufdot101/goBankBackend/internal/loan/repository.go:180.2,180.35 1 1
github.com/Yusufdot101/goBankBackend/internal/loan/repository.go:180.35,182.3 1 0
github.com/Yusufdot101/goBankBackend/internal/loan/repository.go:184.2,184.18 1 1
github.com/Yusufdot101/goBankBackend/internal/loan/repository.go:187.61,197.16 5 1
github.com/Yusufdot101/goBankBackend/internal/loan/repository.go:197.16,199.3 1 0
github.com/Yusufdot101/goBankBackend/internal/loan/repository.go:201.2,202.16 2 1
github.com/Yusufdot101/goBankBackend/internal/loan/repository.go:202.16,204.3 1 0
github.com/Yusufdot101/goBankBackend/internal/loan/repository.go:206.2,206.23 1 1
github.com/Yusufdot101/goBankBackend/internal/loan/repository.go:206.23,208.3 1 0
github.com/Yusufdot101/goBankBackend/internal/loan/repository.go:210.2,210.12 1 1
github.com/Yusufdot101/goBankBackend/internal/loan/repository.go:213.71,242.2 5 1
github.com/Yusufdot101/goBankBackend/internal/loan/service.go:33.9,44.16 3 1
github.com/Yusufdot101/goBankBackend/internal/loan/service.go:44.16,46.3 1 0
github.com/Yusufdot101/goBankBackend/internal/loan/service.go:48.2,48.12 1 1
github.com/Yusufdot101/goBankBackend/internal/loan/service.go:53.18,54.18 1 1
github.com/Yusufdot101/goBankBackend/internal/loan/service.go:54.18,57.3 2 1
github.com/Yusufdot101/goBankBackend/internal/loan/service.go:58.2,59.16 2 1
github.com/Yusufdot101/goBankBackend/internal/loan/service.go:59.16,61.3 1 1
github.com/Yusufdot101/goBankBackend/internal/loan/service.go:63.2,63.31 1 1
github.com/Yusufdot101/goBankBackend/internal/loan/service.go:63.31,66.3 2 1
github.com/Yusufdot101/goBankBackend/internal/loan/service.go:69.2,70.16 2 1
github.com/Yusufdot101/goBankBackend/internal/loan/service.go:70.16,72.3 1 1
github.com/Yusufdot101/goBankBackend/internal/loan/service.go:75.2,75.32 1 1
github.com/Yusufdot101/goBankBackend/internal/loan/service.go:75.32,78.3 2 1
github.com/Yusufdot101/goBankBackend/internal/loan/service.go:82.2,87.16 5 1
github.com/Yusufdot101/goBankBackend/internal/loan/service.go:87.16,89.3 1 1
github.com/Yusufdot101/goBankBackend/internal/loan/service.go:91.2,101.16 3 1
github.com/Yusufdot101/goBankBackend/internal/loan/service.go:101.16,103.3 1 1
github.com/Yusufdot101/goBankBackend/internal/loan/service.go:106.2,110.16 3 1
github.com/Yusufdot101/goBankBackend/internal/loan/service.go:110.16,112.3 1 1
github.com/Yusufdot101/goBankBackend/internal/loan/service.go:114.2,114.26 1 1
github.com/Yusufdot101/goBankBackend/internal/loan/service.go:119.26,126.57 2 1
github.com/Yusufdot101/goBankBackend/internal/loan/service.go:126.57,128.3 1 1
github.com/Yusufdot101/goBankBackend/internal/loan/service.go:130.2,131.16 2 1
github.com/Yusufdot101/goBankBackend/internal/loan/service.go:131.16,133.3 1 1
github.com/Yusufdot101/goBankBackend/internal/loan/service.go:135.2,150.14 11 1
github.com/Yusufdot101/goBankBackend/internal/loan/service.go:150.14,152.17 2 1
github.com/Yusufdot101/goBankBackend/internal/loan/service.go:152.17,153.9 1 1
github.com/Yusufdot101/goBankBackend/internal/loan/service.go:155.3,155.37 1 1
github.com/Yusufdot101/goBankBackend/internal/loan/service.go:157.2,157.16 1 1
github.com/Yusufdot101/goBankBackend/internal/loan/service.go:157.16,159.3 1 1
github.com/Yusufdot101/goBankBackend/internal/loan/service.go:162.2,163.14 2 1
github.com/Yusufdot101/goBankBackend/internal/loan/service.go:163.14,165.17 2 1
github.com/Yusufdot101/goBankBackend/internal/loan/service.go:165.17,166.9 1 1
github.com/Yusufdot101/goBankBackend/internal/loan/service.go:168.3,168.37 1 1
github.com/Yusufdot101/goBankBackend/internal/loan/service.go:170.2,170.16 1 1
github.com/Yusufdot101/goBankBackend/internal/loan/service.go:170.16,172.3 1 1
github.com/Yusufdot101/goBankBackend/internal/loan/service.go:174.2,174.26 1 1
