mode: set
github.com/Yusufdot101/goBankBackend/internal/user/model.go:25.38,27.2 1 0
github.com/Yusufdot101/goBankBackend/internal/user/model.go:34.58,36.16 2 1
github.com/Yusufdot101/goBankBackend/internal/user/model.go:36.16,38.3 1 1
github.com/Yusufdot101/goBankBackend/internal/user/model.go:40.2,43.12 3 1
github.com/Yusufdot101/goBankBackend/internal/user/model.go:46.59,48.16 2 1
github.com/Yusufdot101/goBankBackend/internal/user/model.go:48.16,49.49 1 1
github.com/Yusufdot101/goBankBackend/internal/user/model.go:49.49,51.4 1 1
github.com/Yusufdot101/goBankBackend/internal/user/model.go:52.3,52.20 1 0
github.com/Yusufdot101/goBankBackend/internal/user/model.go:55.2,55.18 1 1
github.com/Yusufdot101/goBankBackend/internal/user/model.go:58.55,63.36 3 1
github.com/Yusufdot101/goBankBackend/internal/user/model.go:63.36,65.3 1 1
github.com/Yusufdot101/goBankBackend/internal/user/model.go:67.2,67.31 1 1
github.com/Yusufdot101/goBankBackend/internal/user/model.go:67.31,68.29 1 0
github.com/Yusufdot101/goBankBackend/internal/user/model.go:72.58,75.2 2 1
github.com/Yusufdot101/goBankBackend/internal/user/model.go:77.82,81.2 3 1
github.com/Yusufdot101/goBankBackend/internal/user/repository.go:20.47,40.16 5 1
github.com/Yusufdot101/goBankBackend/internal/user/repository.go:40.16,41.10 1 1
github.com/Yusufdot101/goBankBackend/internal/user/repository.go:44.94,45.28 1 1
github.com/Yusufdot101/goBankBackend/internal/user/repository.go:46.11,47.14 1 0
github.com/Yusufdot101/goBankBackend/internal/user/repository.go:51.2,51.12 1 1
github.com/Yusufdot101/goBankBackend/internal/user/repository.go:54.55,76.16 6 1
github.com/Yusufdot101/goBankBackend/internal/user/repository.go:76.16,77.10 1 0
github.com/Yusufdot101/goBankBackend/internal/user/repository.go:78.38,79.27 1 0
github.com/Yusufdot101/goBankBackend/internal/user/repository.go:80.11,81.19 1 0
github.com/Yusufdot101/goBankBackend/internal/user/repository.go:85.2,85.19 1 1
github.com/Yusufdot101/goBankBackend/internal/user/repository.go:88.62,110.16 6 1
github.com/Yusufdot101/goBankBackend/internal/user/repository.go:110.16,111.10 1 0
github.com/Yusufdot101/goBankBackend/internal/user/repository.go:112.38,113.27 1 0
github.com/Yusufdot101/goBankBackend/internal/user/repository.go:114.11,115.19 1 0
github.com/Yusufdot101/goBankBackend/internal/user/repository.go:119.2,119.19 1 1
github.com/Yusufdot101/goBankBackend/internal/user/repository.go:122.79,156.16 8 1
github.com/Yusufdot101/goBankBackend/internal/user/repository.go:156.16,157.10 1 0
github.com/Yusufdot101/goBankBackend/internal/user/repository.go:158.38,159.27 1 0
github.com/Yusufdot101/goBankBackend/internal/user/repository.go:160.11,161.19 1 0
github.com/Yusufdot101/goBankBackend/internal/user/repository.go:165.2,165.19 1 1
github.com/Yusufdot101/goBankBackend/internal/user/repository.go:170.18,175.16 4 1
github.com/Yusufdot101/goBankBackend/internal/user/repository.go:175.16,177.3 1 0
github.com/Yusufdot101/goBankBackend/internal/user/repository.go:178.2,198.16 5 1
github.com/Yusufdot101/goBankBackend/internal/user/repository.go:198.16,200.3 1 0
github.com/Yusufdot101/goBankBackend/internal/user/repository.go:202.2,226.16 4 1
github.com/Yusufdot101/goBankBackend/internal/user/repository.go:226.16,228.3 1 0
github.com/Yusufdot101/goBankBackend/internal/user/repository.go:230.2,230.35 1 1
github.com/Yusufdot101/goBankBackend/internal/user/repository.go:230.35,232.3 1 0
github.com/Yusufdot101/goBankBackend/internal/user/repository.go:234.2,234.18 1 1
github.com/Yusufdot101/goBankBackend/internal/user/service.go:37.56,39.16 2 1
github.com/Yusufdot101/goBankBackend/internal/user/service.go:39.16,41.3 1 0
github.com/Yusufdot101/goBankBackend/internal/user/service.go:43.2,43.18 1 1
github.com/Yusufdot101/goBankBackend/internal/user/service.go:46.63,48.16 2 1
github.com/Yusufdot101/goBankBackend/internal/user/service.go:48.16,50.3 1 0
github.com/Yusufdot101/goBankBackend/internal/user/service.go:52.2,52.18 1 1
github.com/Yusufdot101/goBankBackend/internal/user/service.go:57.18,60.2 2 0
github.com/Yusufdot101/goBankBackend/internal/user/service.go:65.32,72.16 3 1
github.com/Yusufdot101/goBankBackend/internal/user/service.go:72.16,74.3 1 0
github.com/Yusufdot101/goBankBackend/internal/user/service.go:76.2,76.41 1 1
github.com/Yusufdot101/goBankBackend/internal/user/service.go:76.41,78.3 1 1
github.com/Yusufdot101/goBankBackend/internal/user/service.go:80.2,81.16 2 1
github.com/Yusufdot101/goBankBackend/internal/user/service.go:81.16,83.3 1 1
github.com/Yusufdot101/goBankBackend/internal/user/service.go:86.2,87.16 2 1
github.com/Yusufdot101/goBankBackend/internal/user/service.go:87.16,89.3 1 0
github.com/Yusufdot101/goBankBackend/internal/user/service.go:91.2,91.21 1 1
github.com/Yusufdot101/goBankBackend/internal/user/service.go:94.80,96.16 2 0
github.com/Yusufdot101/goBankBackend/internal/user/service.go:96.16,98.3 1 0
github.com/Yusufdot101/goBankBackend/internal/user/service.go:100.2,100.18 1 0
github.com/Yusufdot101/goBankBackend/internal/user/service.go:103.66,105.16 2 1
github.com/Yusufdot101/goBankBackend/internal/user/service.go:105.16,106.10 1 1
github.com/Yusufdot101/goBankBackend/internal/user/service.go:107.36,108.37 1 1
github.com/Yusufdot101/goBankBackend/internal/user/service.go:110.11,111.19 1 0
github.com/Yusufdot101/goBankBackend/internal/user/service.go:115.2,118.16 3 1
github.com/Yusufdot101/goBankBackend/internal/user/service.go:118.16,120.3 1 1
github.com/Yusufdot101/goBankBackend/internal/user/service.go:122.2,123.16 2 1
github.com/Yusufdot101/goBankBackend/internal/user/service.go:123.16,125.3 1 1
github.com/Yusufdot101/goBankBackend/internal/user/service.go:127.2,127.15 1 1
github.com/Yusufdot101/goBankBackend/internal/user/service.go:130.88,136.16 3 1
github.com/Yusufdot101/goBankBackend/internal/user/service.go:136.16,138.3 1 1
github.com/Yusufdot101/goBankBackend/internal/user/service.go:141.2,147.16 3 1
github.com/Yusufdot101/goBankBackend/internal/user/service.go:147.16,149.3 1 1
github.com/Yusufdot101/goBankBackend/internal/user/service.go:152.2,157.17 3 0
